<?xml version="1.0" encoding="UTF-8"?>
<!-- Generated by org.testng.reporters.JUnitReportReporter -->
<testsuite hostname="DESKTOP-UGNKTK1" name="com.kaali.com.kaali.Test1" tests="1" failures="0" timestamp="2 Jul 2018 14:11:37 GMT" time="11.263" errors="0">
  <testcase name="f" time="11.263" classname="com.kaali.com.kaali.Test1"/>
</testsuite> <!-- com.kaali.com.kaali.Test1 -->
